<?xml version="1.0" encoding="UTF-8"?>
<testng-results skipped="0" failed="0" ignored="0" total="1" passed="1">
  <reporter-output>
  </reporter-output>
  <suite name="Default suite" duration-ms="2543" started-at="2022-10-18T23:28:23 IST" finished-at="2022-10-18T23:28:26 IST">
    <groups>
    </groups>
    <test name="Default test" duration-ms="2543" started-at="2022-10-18T23:28:23 IST" finished-at="2022-10-18T23:28:26 IST">
      <class name="SumValidation">
        <test-method status="PASS" signature="totalPrice()[pri:0, instance:SumValidation@4bbfb90a]" name="totalPrice" duration-ms="2473" started-at="2022-10-18T23:28:23 IST" finished-at="2022-10-18T23:28:26 IST">
          <reporter-output>
          </reporter-output>
        </test-method> <!-- totalPrice -->
      </class> <!-- SumValidation -->
    </test> <!-- Default test -->
  </suite> <!-- Default suite -->
</testng-results>
